[06Sep2024 12:49:42.704] [main/INFO] [cpw.mods.modlauncher.Launcher/MODLAUNCHER]: ModLauncher running: args [--launchTarget, forgeclientuserdev, --version, 21.1.37, --assetIndex, asset-index, --assetsDir, C:\\Users\\Foxy\\.gradle\\caches\\minecraft\\assets, --gameDir, ., --fml.neoForgeVersion, 21.1.37, --fml.fmlVersion, 4.0.24, --fml.mcVersion, 1.21.1, --fml.neoFormVersion, 20240808.144430]
[06Sep2024 12:49:42.708] [main/INFO] [cpw.mods.modlauncher.Launcher/MODLAUNCHER]: JVM identified as BellSoft OpenJDK 64-Bit Server VM 21.0.3+12-LTS
[06Sep2024 12:49:42.711] [main/INFO] [cpw.mods.modlauncher.Launcher/MODLAUNCHER]: ModLauncher 11.0.4+main.d2e20e43 starting: java version 21.0.3 by BellSoft; OS Windows 11 arch amd64 version 10.0
[06Sep2024 12:49:42.835] [main/INFO] [net.neoforged.fml.loading.ImmediateWindowHandler/]: Loading ImmediateWindowProvider fmlearlywindow
[06Sep2024 12:49:42.903] [main/INFO] [EARLYDISPLAY/]: Trying GL version 4.6
[06Sep2024 12:49:42.992] [main/INFO] [EARLYDISPLAY/]: Requested GL version 4.6 got version 4.6
[06Sep2024 12:49:43.054] [main/INFO] [mixin/]: SpongePowered MIXIN Subsystem Version=0.8.7 Source=union:/C:/Users/Foxy/.gradle/caches/modules-2/files-2.1/net.fabricmc/sponge-mixin/0.15.2+mixin.0.8.7/2af2f021d8e02a0220dc27a7a72b4666d66d44ca/sponge-mixin-0.15.2+mixin.0.8.7.jar%23135!/ Service=ModLauncher Env=CLIENT
[06Sep2024 12:49:43.284] [main/INFO] [net.neoforged.fml.loading.moddiscovery.ModDiscoverer/SCAN]: Found mod file "neoforge-21.1.37.jar" [locator: neoforge devenv provider ([C:\Users\Foxy\IdeaProjects\lithium-fabric\.gradle\repositories\ng_dummy_ng\net\neoforged\neoforge\21.1.37\neoforge-21.1.37.jar])]
[06Sep2024 12:49:43.292] [pool-2-thread-1/INFO] [EARLYDISPLAY/]: GL info: NVIDIA GeForce RTX 4070 SUPER/PCIe/SSE2 GL version 4.6.0 NVIDIA 560.94, NVIDIA Corporation
[06Sep2024 12:49:43.298] [main/INFO] [net.neoforged.fml.loading.moddiscovery.ModDiscoverer/SCAN]: Found mod file "neoforge-21.1.37.jar" [locator: neoforge devenv provider ([C:\Users\Foxy\IdeaProjects\lithium-fabric\.gradle\repositories\ng_dummy_ng\net\neoforged\neoforge\21.1.37\neoforge-21.1.37.jar])]
[06Sep2024 12:49:43.323] [main/INFO] [net.neoforged.fml.loading.moddiscovery.ModDiscoverer/SCAN]: Found mod file "main" [locator: userdev mods and services, reader: mod manifest]
[06Sep2024 12:49:43.335] [main/INFO] [net.neoforged.fml.loading.moddiscovery.ModDiscoverer/SCAN]: Found mod file "neoforge-21.1.37.jar" [locator: userdev mods and services, reader: mod manifest]
[06Sep2024 12:49:43.375] [main/WARN] [net.neoforged.fml.loading.moddiscovery.ModDiscoverer/SCAN]: Skipping jar. File C:\Users\Foxy\.gradle\caches\modules-2\files-2.1\com.github.2No2Name\McTester\v0.4.2\935f6978e4dcad0dea6420c2d36c97f1e21fe5cc\McTester-v0.4.2.jar is a Fabric mod and cannot be loaded
[06Sep2024 12:49:43.380] [main/INFO] [net.neoforged.fml.loading.moddiscovery.ModDiscoverer/SCAN]: Found gamelibrary file "mixinextras-neoforge-0.4.1.jar" [locator: userdev mods and services, reader: mod manifest]
[06Sep2024 12:49:43.467] [main/WARN] [net.neoforged.jarjar.selection.JarSelector/]: Attempted to select a dependency jar for JarJar which was passed in as source: mixinextras-neoforge-0.4.1.jar. Using Mod File: C:\Users\Foxy\.gradle\caches\modules-2\files-2.1\io.github.llamalad7\mixinextras-neoforge\0.4.1\eff97772ecd0dcf8e52cdbafd3b3ccec425f8314\mixinextras-neoforge-0.4.1.jar
[06Sep2024 12:49:43.467] [main/INFO] [net.neoforged.fml.loading.moddiscovery.locators.JarInJarDependencyLocator/]: No dependencies to load found. Skipping!
[06Sep2024 12:49:43.683] [main/INFO] [net.neoforged.fml.loading.FMLServiceProvider/CORE]: Loading coremod script-engine for [neoforge]
[06Sep2024 12:49:44.738] [main/INFO] [cpw.mods.modlauncher.LaunchServiceHandler/MODLAUNCHER]: Launching target 'forgeclientuserdev' with arguments [--version, 21.1.37, --gameDir, ., --assetsDir, C:\Users\Foxy\.gradle\caches\minecraft\assets, --assetIndex, asset-index]
[06Sep2024 12:49:44.844] [main/ERROR] [LithiumConfig/]: Option mixin.experimental.entity.block_caching.fluid_pushing for dependency 'mixin.entity.collisions.fluid depends on mixin.experimental.entity.block_caching.fluid_pushing=false' not found. Skipping.
[06Sep2024 12:49:44.853] [main/INFO] [Lithium/]: Loaded configuration file for Lithium: 143 options available, 0 override(s) found
[06Sep2024 12:49:45.321] [main/WARN] [mixin/]: Error loading class: net/minecraft/block/ComposterBlock$ComposterInventory (java.lang.ClassNotFoundException: net.minecraft.block.ComposterBlock$ComposterInventory)
[06Sep2024 12:49:45.322] [main/WARN] [mixin/]: @Mixin target net.minecraft.block.ComposterBlock$ComposterInventory was not found lithium.mixins.json:alloc.composter.ComposterMixin$ComposterBlockComposterInventoryMixin from mod lithium
[06Sep2024 12:49:45.323] [main/WARN] [mixin/]: Error loading class: net/minecraft/block/ComposterBlock$DummyInventory (java.lang.ClassNotFoundException: net.minecraft.block.ComposterBlock$DummyInventory)
[06Sep2024 12:49:45.323] [main/WARN] [mixin/]: @Mixin target net.minecraft.block.ComposterBlock$DummyInventory was not found lithium.mixins.json:alloc.composter.ComposterMixin$ComposterBlockDummyInventoryMixin from mod lithium
[06Sep2024 12:49:45.324] [main/WARN] [mixin/]: Error loading class: net/minecraft/block/ComposterBlock$FullComposterInventory (java.lang.ClassNotFoundException: net.minecraft.block.ComposterBlock$FullComposterInventory)
[06Sep2024 12:49:45.324] [main/WARN] [mixin/]: @Mixin target net.minecraft.block.ComposterBlock$FullComposterInventory was not found lithium.mixins.json:alloc.composter.ComposterMixin$ComposterBlockFullComposterInventoryMixin from mod lithium
[06Sep2024 12:49:45.354] [main/WARN] [mixin/]: Error loading class: net/minecraft/nbt/CompoundTag/1 (java.lang.ClassNotFoundException: net.minecraft.nbt.CompoundTag.1)
[06Sep2024 12:49:45.354] [main/WARN] [mixin/]: @Mixin target net.minecraft.nbt.CompoundTag.1 was not found lithium.mixins.json:alloc.nbt.NbtCompoundMixin$Type from mod lithium
[06Sep2024 12:49:45.364] [main/WARN] [mixin/]: Error loading class: net/minecraft/block/ComposterBlock$ComposterInventory (java.lang.ClassNotFoundException: net.minecraft.block.ComposterBlock$ComposterInventory)
[06Sep2024 12:49:45.364] [main/WARN] [mixin/]: @Mixin target net.minecraft.block.ComposterBlock$ComposterInventory was not found lithium.mixins.json:block.hopper.ComposterMixin$ComposterBlockComposterInventoryMixin from mod lithium
[06Sep2024 12:49:45.365] [main/WARN] [mixin/]: Error loading class: net/minecraft/block/ComposterBlock$DummyInventory (java.lang.ClassNotFoundException: net.minecraft.block.ComposterBlock$DummyInventory)
[06Sep2024 12:49:45.366] [main/WARN] [mixin/]: @Mixin target net.minecraft.block.ComposterBlock$DummyInventory was not found lithium.mixins.json:block.hopper.ComposterMixin$ComposterBlockDummyInventoryMixin from mod lithium
[06Sep2024 12:49:45.367] [main/WARN] [mixin/]: Error loading class: net/minecraft/block/ComposterBlock$FullComposterInventory (java.lang.ClassNotFoundException: net.minecraft.block.ComposterBlock$FullComposterInventory)
[06Sep2024 12:49:45.367] [main/WARN] [mixin/]: @Mixin target net.minecraft.block.ComposterBlock$FullComposterInventory was not found lithium.mixins.json:block.hopper.ComposterMixin$ComposterBlockFullComposterInventoryMixin from mod lithium
[06Sep2024 12:49:45.427] [main/WARN] [mixin/]: Error loading class: net/minecraft/util/math/AxisCycleDirection$3 (java.lang.ClassNotFoundException: net.minecraft.util.math.AxisCycleDirection$3)
[06Sep2024 12:49:45.427] [main/WARN] [mixin/]: @Mixin target net/minecraft/util/math/AxisCycleDirection$3 was not found lithium.mixins.json:math.fast_util.AxisCycleDirectionMixin$BackwardMixin from mod lithium
[06Sep2024 12:49:45.428] [main/WARN] [mixin/]: Error loading class: net/minecraft/util/math/AxisCycleDirection$2 (java.lang.ClassNotFoundException: net.minecraft.util.math.AxisCycleDirection$2)
[06Sep2024 12:49:45.428] [main/WARN] [mixin/]: @Mixin target net/minecraft/util/math/AxisCycleDirection$2 was not found lithium.mixins.json:math.fast_util.AxisCycleDirectionMixin$ForwardMixin from mod lithium
[06Sep2024 12:49:45.463] [main/WARN] [mixin/]: Error loading class: net/minecraft/world/level/chunk/LevelChunk/RebindableTickingBlockEntityWrapper (java.lang.ClassNotFoundException: net.minecraft.world.level.chunk.LevelChunk.RebindableTickingBlockEntityWrapper)
[06Sep2024 12:49:45.463] [main/WARN] [mixin/]: @Mixin target net/minecraft/world/level/chunk/LevelChunk.RebindableTickingBlockEntityWrapper was not found lithium.mixins.json:world.block_entity_ticking.sleeping.WrappedBlockEntityTickInvokerAccessor from mod lithium
[06Sep2024 12:49:45.829] [main/INFO] [MixinExtras|Service/]: Initializing MixinExtras via com.llamalad7.mixinextras.service.MixinExtrasServiceImpl(version=0.4.1).
[06Sep2024 12:49:46.803] [Datafixer Bootstrap/INFO] [com.mojang.datafixers.DataFixerBuilder/]: 229 Datafixer optimizations took 314 milliseconds
[06Sep2024 12:49:48.442] [pool-7-thread-1/WARN] [mixin/]: Error loading class: me/jellysquid/mods/lithium/api/inventory/LithiumInventory (java.lang.ClassNotFoundException: me.jellysquid.mods.lithium.api.inventory.LithiumInventory)
[06Sep2024 12:49:48.444] [pool-7-thread-1/WARN] [mixin/]: Error loading class: me/jellysquid/mods/lithium/api/inventory/LithiumInventory (java.lang.ClassNotFoundException: me.jellysquid.mods.lithium.api.inventory.LithiumInventory)
[06Sep2024 12:49:48.444] [pool-7-thread-1/WARN] [mixin/]: Error loading class: me/jellysquid/mods/lithium/api/inventory/LithiumInventory (java.lang.ClassNotFoundException: me.jellysquid.mods.lithium.api.inventory.LithiumInventory)
[06Sep2024 12:49:48.662] [main/WARN] [net.minecraft.SystemReport/]: Failed to get system info for GL Caps
java.lang.IllegalStateException: Rendersystem called from wrong thread
	at TRANSFORMER/minecraft@1.21.1/com.mojang.blaze3d.systems.RenderSystem.constructThreadException(RenderSystem.java:124) ~[neoforge-21.1.37.jar%23189!/:?]
	at TRANSFORMER/minecraft@1.21.1/com.mojang.blaze3d.systems.RenderSystem.assertOnRenderThread(RenderSystem.java:119) ~[neoforge-21.1.37.jar%23189!/:?]
	at TRANSFORMER/minecraft@1.21.1/com.mojang.blaze3d.systems.RenderSystem.getCapsString(RenderSystem.java:497) ~[neoforge-21.1.37.jar%23189!/:?]
	at TRANSFORMER/minecraft@1.21.1/net.minecraft.SystemReport.setDetail(SystemReport.java:72) ~[neoforge-21.1.37.jar%23189!/:?]
	at TRANSFORMER/minecraft@1.21.1/net.minecraft.client.Minecraft.fillSystemReport(Minecraft.java:2451) ~[neoforge-21.1.37.jar%23189!/:?]
	at TRANSFORMER/minecraft@1.21.1/net.minecraft.client.Minecraft.fillReport(Minecraft.java:2424) ~[neoforge-21.1.37.jar%23189!/:?]
	at TRANSFORMER/minecraft@1.21.1/net.minecraft.client.main.Main.main(Main.java:189) ~[neoforge-21.1.37.jar%23189!/:?]
	at java.base/jdk.internal.reflect.DirectMethodHandleAccessor.invoke(DirectMethodHandleAccessor.java:103) ~[?:?]
	at java.base/java.lang.reflect.Method.invoke(Method.java:580) ~[?:?]
	at MC-BOOTSTRAP/fml_loader@4.0.24/net.neoforged.fml.loading.targets.CommonLaunchHandler.runTarget(CommonLaunchHandler.java:136) ~[loader-4.0.24.jar%23143!/:4.0]
	at MC-BOOTSTRAP/fml_loader@4.0.24/net.neoforged.fml.loading.targets.CommonLaunchHandler.clientService(CommonLaunchHandler.java:124) ~[loader-4.0.24.jar%23143!/:4.0]
	at MC-BOOTSTRAP/fml_loader@4.0.24/net.neoforged.fml.loading.targets.NeoForgeClientUserdevLaunchHandler.runService(NeoForgeClientUserdevLaunchHandler.java:23) ~[loader-4.0.24.jar%23143!/:4.0]
	at MC-BOOTSTRAP/fml_loader@4.0.24/net.neoforged.fml.loading.targets.CommonLaunchHandler.lambda$launchService$4(CommonLaunchHandler.java:118) ~[loader-4.0.24.jar%23143!/:4.0]
	at MC-BOOTSTRAP/cpw.mods.modlauncher@11.0.4/cpw.mods.modlauncher.LaunchServiceHandlerDecorator.launch(LaunchServiceHandlerDecorator.java:30) [modlauncher-11.0.4.jar%23125!/:?]
	at MC-BOOTSTRAP/cpw.mods.modlauncher@11.0.4/cpw.mods.modlauncher.LaunchServiceHandler.launch(LaunchServiceHandler.java:53) [modlauncher-11.0.4.jar%23125!/:?]
	at MC-BOOTSTRAP/cpw.mods.modlauncher@11.0.4/cpw.mods.modlauncher.LaunchServiceHandler.launch(LaunchServiceHandler.java:71) [modlauncher-11.0.4.jar%23125!/:?]
	at MC-BOOTSTRAP/cpw.mods.modlauncher@11.0.4/cpw.mods.modlauncher.Launcher.run(Launcher.java:103) [modlauncher-11.0.4.jar%23125!/:?]
	at MC-BOOTSTRAP/cpw.mods.modlauncher@11.0.4/cpw.mods.modlauncher.Launcher.main(Launcher.java:74) [modlauncher-11.0.4.jar%23125!/:?]
	at MC-BOOTSTRAP/cpw.mods.modlauncher@11.0.4/cpw.mods.modlauncher.BootstrapLaunchConsumer.accept(BootstrapLaunchConsumer.java:26) [modlauncher-11.0.4.jar%23125!/:?]
	at MC-BOOTSTRAP/cpw.mods.modlauncher@11.0.4/cpw.mods.modlauncher.BootstrapLaunchConsumer.accept(BootstrapLaunchConsumer.java:23) [modlauncher-11.0.4.jar%23125!/:?]
	at cpw.mods.bootstraplauncher@2.0.2/cpw.mods.bootstraplauncher.BootstrapLauncher.run(BootstrapLauncher.java:210) [bootstraplauncher-2.0.2.jar:?]
	at cpw.mods.bootstraplauncher@2.0.2/cpw.mods.bootstraplauncher.BootstrapLauncher.main(BootstrapLauncher.java:69) [bootstraplauncher-2.0.2.jar:?]
